<?xml version="1.0" encoding="UTF-8"?>
<testng-results ignored="0" total="1" passed="1" failed="0" skipped="0">
  <reporter-output>
  </reporter-output>
  <suite started-at="2022-01-01T10:41:30 BDT" name="Default suite" finished-at="2022-01-01T10:42:24 BDT" duration-ms="53980">
    <groups>
    </groups>
    <test started-at="2022-01-01T10:41:30 BDT" name="Default test" finished-at="2022-01-01T10:42:24 BDT" duration-ms="53980">
      <class name="tests.BankAllFeatureCheck">
        <test-method is-config="true" signature="start()[pri:0, instance:tests.BankAllFeatureCheck@3162743f]" started-at="2022-01-01T10:41:30 BDT" name="start" finished-at="2022-01-01T10:41:35 BDT" duration-ms="4647" status="PASS">
          <reporter-output>
          </reporter-output>
        </test-method> <!-- start -->
        <test-method signature="DarazBuyTest()[pri:0, instance:tests.BankAllFeatureCheck@3162743f]" started-at="2022-01-01T10:41:35 BDT" name="DarazBuyTest" finished-at="2022-01-01T10:42:24 BDT" duration-ms="49238" status="PASS">
          <reporter-output>
          </reporter-output>
        </test-method> <!-- DarazBuyTest -->
      </class> <!-- tests.BankAllFeatureCheck -->
    </test> <!-- Default test -->
  </suite> <!-- Default suite -->
</testng-results>
